<html>
<head>
<title>TestNG:  Default test</title>
<link href="../testng.css" rel="stylesheet" type="text/css" />
<link href="../my-testng.css" rel="stylesheet" type="text/css" />

<style type="text/css">
.log { display: none;} 
.stack-trace { display: none;} 
</style>
<script type="text/javascript">
<!--
function flip(e) {
  current = e.style.display;
  if (current == 'block') {
    e.style.display = 'none';
    return 0;
  }
  else {
    e.style.display = 'block';
    return 1;
  }
}

function toggleBox(szDivId, elem, msg1, msg2)
{
  var res = -1;  if (document.getElementById) {
    res = flip(document.getElementById(szDivId));
  }
  else if (document.all) {
    // this is the way old msie versions work
    res = flip(document.all[szDivId]);
  }
  if(elem) {
    if(res == 0) elem.innerHTML = msg1; else elem.innerHTML = msg2;
  }

}

function toggleAllBoxes() {
  if (document.getElementsByTagName) {
    d = document.getElementsByTagName('div');
    for (i = 0; i < d.length; i++) {
      if (d[i].className == 'log') {
        flip(d[i]);
      }
    }
  }
}

// -->
</script>

</head>
<body>
<h2 align='center'>Default test</h2><table border='1' align="center">
<tr>
<td>Tests passed/Failed/Skipped:</td><td>0/1/0</td>
</tr><tr>
<td>Started on:</td><td>Tue Jul 10 20:29:00 CDT 2018</td>
</tr>
<tr><td>Total time:</td><td>8 seconds (8258 ms)</td>
</tr><tr>
<td>Included groups:</td><td></td>
</tr><tr>
<td>Excluded groups:</td><td></td>
</tr>
</table><p/>
<small><i>(Hover the method name to see the test class name)</i></small><p/>
<table width='100%' border='1' class='invocation-failed'>
<tr><td colspan='4' align='center'><b>FAILED TESTS</b></td></tr>
<tr><td><b>Test method</b></td>
<td width="30%"><b>Exception</b></td>
<td width="10%"><b>Time (seconds)</b></td>
<td><b>Instance</b></td>
</tr>
<tr>
<td title='runners.CukesRunnerUI.runScenario()'><b>runScenario</b><br>Test class: runners.CukesRunnerUI<br>Test method: Runs Cucumber Scenarios<br>Parameters: "Validating all fields on about your work page", "Verify all fields on Reg 2"<br/>
<a href="#Output-489047267" onClick='toggleBox("Output-489047267", this, "Show output", "Hide output");'>Show output</a>

<a href="#Output-489047267" onClick="toggleAllBoxes();">Show all outputs</a>
<div class='log' id="Output-489047267">
<div "result">user navigates to CreditNinja and use credentials &quot;James&quot; &quot;Bond&quot; &quot;zhanuzak+454@creditninja.com&quot; &quot;3123121234&quot; (PASSED : 4s)</div><br/>
<div "result">user navigates to CreditNinja loan application about your work and verify url and tite of it (FAILED : 0s)</div><br/>
<div "result">user sends information &quot;September&quot; &quot;2&quot; &quot;1990&quot; &quot;222 S Riverside&quot; &quot;Chicago&quot; &quot;Illinois&quot; &quot;60610&quot; &quot;checked&quot; &quot;414-54-1405&quot; &quot;414-54-1405&quot; &quot;yes&quot; &quot;choose&quot; &quot;2000&quot; &quot;choose&quot; &quot;choose&quot; &quot;choose&quot; (SKIPPED)</div><br/>
<div "result">user clicks continue and validates missing fields (SKIPPED)</div><br/>
</div>
</td>
<td><div><pre>java.lang.AssertionError: expected [https://dev.creditninja.com/loan_application/about_your_work] but found [https://qa.creditninja.com/loan_application/about_your_work]
	at org.testng.Assert.fail(Assert.java:96)
	at org.testng.Assert.failNotEquals(Assert.java:776)
	at org.testng.Assert.assertEqualsImpl(Assert.java:137)
	at org.testng.Assert.assertEquals(Assert.java:118)
	at org.testng.Assert.assertEquals(Assert.java:453)
	at org.testng.Assert.assertEquals(Assert.java:463)
	at pages.HomePage.urlTitleVerify(HomePage.java:113)
	at step_definitions.ui.Ui_aboutYourWork_field_validation_stepDef.user_navigates_to_CreditNinja_loan_application_about_your_work_and_verify_url_and_tite_of_it(Ui_aboutYourWork_field_validation_stepDef.java:32)
	at ✽.user navigates to CreditNinja loan application about your work and verify url and tite of it(src/test/resources/testData/Ui_aboutYourWork_field_validation.feature:5)
</pre></div><a href='#' onClick='toggleBox("stack-trace489047267", this, "Click to show all stack frames", "Click to hide stack frames")'>Click to show all stack frames</a>
<div class='stack-trace' id='stack-trace489047267'><pre>java.lang.AssertionError: expected [https://dev.creditninja.com/loan_application/about_your_work] but found [https://qa.creditninja.com/loan_application/about_your_work]
	at org.testng.Assert.fail(Assert.java:96)
	at org.testng.Assert.failNotEquals(Assert.java:776)
	at org.testng.Assert.assertEqualsImpl(Assert.java:137)
	at org.testng.Assert.assertEquals(Assert.java:118)
	at org.testng.Assert.assertEquals(Assert.java:453)
	at org.testng.Assert.assertEquals(Assert.java:463)
	at pages.HomePage.urlTitleVerify(HomePage.java:113)
	at step_definitions.ui.Ui_aboutYourWork_field_validation_stepDef.user_navigates_to_CreditNinja_loan_application_about_your_work_and_verify_url_and_tite_of_it(Ui_aboutYourWork_field_validation_stepDef.java:32)
	at ✽.user navigates to CreditNinja loan application about your work and verify url and tite of it(src/test/resources/testData/Ui_aboutYourWork_field_validation.feature:5)
</pre></div></td>
<td>7</td>
<td>runners.CukesRunnerUI@20398b7c</td></tr>
</table><p>
</body>
</html>