<!DOCTYPE html PUBLIC "-//W3C//DTD XHTML 1.1//EN" "http://www.w3.org/TR/xhtml11/DTD/xhtml11.dtd">
<html xmlns="http://www.w3.org/1999/xhtml">
<head>
<meta http-equiv="content-type" content="text/html; charset=UTF-8"/>
<title>TestNG Report</title>
<style type="text/css">table {margin-bottom:10px;border-collapse:collapse;empty-cells:show}th,td {border:1px solid #009;padding:.25em .5em}th {vertical-align:bottom}td {vertical-align:top}table a {font-weight:bold}.stripe td {background-color: #E6EBF9}.num {text-align:right}.passedodd td {background-color: #3F3}.passedeven td {background-color: #0A0}.skippedodd td {background-color: #DDD}.skippedeven td {background-color: #CCC}.failedodd td,.attn {background-color: #F33}.failedeven td,.stripe .attn {background-color: #D00}.stacktrace {white-space:pre;font-family:monospace}.totop {font-size:85%;text-align:center;border-bottom:2px solid #000}.invisible {display:none}</style>
</head>
<body>
<table>
<tr><th>Test</th><th># Passed</th><th># Skipped</th><th># Failed</th><th>Time (ms)</th><th>Included Groups</th><th>Excluded Groups</th></tr>
<tr><th colspan="7">Default suite</th></tr>
<tr><td><a href="#t0">Default test</a></td><td class="num">0</td><td class="num">0</td><td class="num attn">1</td><td class="num">8,258</td><td></td><td></td></tr>
</table>
<table id='summary'><thead><tr><th>Class</th><th>Method</th><th>Start</th><th>Time (ms)</th></tr></thead><tbody><tr><th colspan="4">Default suite</th></tr></tbody><tbody id="t0"><tr><th colspan="4">Default test &#8212; failed</th></tr><tr class="failedeven"><td rowspan="1">runners.CukesRunnerUI</td><td><a href="#m0">runScenario</a></td><td rowspan="1">1531272540627</td><td rowspan="1">7844</td></tr></tbody>
</table>
<h2>Default test</h2><h3 id="m0">runners.CukesRunnerUI#runScenario</h3><table class="result"><tr class="param"><th>Parameter #1</th><th>Parameter #2</th></tr><tr class="param stripe"><td>&quot;Validating all fields on about your work page&quot;</td><td>&quot;Verify all fields on Reg 2&quot;</td></tr><tr><th colspan="2">Messages</th></tr><tr><td colspan="2"><div class="messages"><div "result">user navigates to CreditNinja and use credentials &quot;James&quot; &quot;Bond&quot; &quot;zhanuzak+454@creditninja.com&quot; &quot;3123121234&quot; (PASSED : 4s)</div><br/><div "result">user navigates to CreditNinja loan application about your work and verify url and tite of it (FAILED : 0s)</div><br/><div "result">user sends information &quot;September&quot; &quot;2&quot; &quot;1990&quot; &quot;222 S Riverside&quot; &quot;Chicago&quot; &quot;Illinois&quot; &quot;60610&quot; &quot;checked&quot; &quot;414-54-1405&quot; &quot;414-54-1405&quot; &quot;yes&quot; &quot;choose&quot; &quot;2000&quot; &quot;choose&quot; &quot;choose&quot; &quot;choose&quot; (SKIPPED)</div><br/><div "result">user clicks continue and validates missing fields (SKIPPED)</div></div></td></tr><tr><th colspan="2">Exception</th></tr><tr><td colspan="2"><div class="stacktrace">java.lang.AssertionError: expected [https://dev.creditninja.com/loan_application/about_your_work] but found [https://qa.creditninja.com/loan_application/about_your_work]
	at org.testng.Assert.fail(Assert.java:96)
	at org.testng.Assert.failNotEquals(Assert.java:776)
	at org.testng.Assert.assertEqualsImpl(Assert.java:137)
	at org.testng.Assert.assertEquals(Assert.java:118)
	at org.testng.Assert.assertEquals(Assert.java:453)
	at org.testng.Assert.assertEquals(Assert.java:463)
	at pages.HomePage.urlTitleVerify(HomePage.java:113)
	at step_definitions.ui.Ui_aboutYourWork_field_validation_stepDef.user_navigates_to_CreditNinja_loan_application_about_your_work_and_verify_url_and_tite_of_it(Ui_aboutYourWork_field_validation_stepDef.java:32)
	at âœ½.user navigates to CreditNinja loan application about your work and verify url and tite of it(src/test/resources/testData/Ui_aboutYourWork_field_validation.feature:5)
</div></td></tr></table><p class="totop"><a href="#summary">back to summary</a></p>
</body>
</html>
